<?xml version="1.0" encoding="UTF-8"?>
<!-- Generated by org.testng.reporters.JUnitReportReporter -->
<testsuite skipped="0" hostname="Prabh3147261-01" name="MavenProject.Myclass2" tests="1" failures="0" timestamp="04 Apr 2021 21:25:05 GMT" time="0.001" errors="0">
  <testcase name="myFunction" time="0.001" classname="MavenProject.Myclass2"/>
</testsuite> <!-- MavenProject.Myclass2 -->
